<?xml version="1.0" encoding="UTF-8"?>
<coverage generated="1582884285841" clover="3.2.0">
  <project timestamp="1582884285842" name="All files">
    <metrics statements="15" coveredstatements="13" conditionals="4" coveredconditionals="2" methods="6" coveredmethods="4" elements="25" coveredelements="19" complexity="0" loc="15" ncloc="15" packages="2" files="3" classes="3"/>
    <package name="src">
      <metrics statements="14" coveredstatements="12" conditionals="4" coveredconditionals="2" methods="6" coveredmethods="4"/>
      <file name="actions.js" path="C:\Users\Jack.Murphy\Desktop\Grapefruit\calypso\src\actions.js">
        <metrics statements="4" coveredstatements="4" conditionals="0" coveredconditionals="0" methods="1" coveredmethods="0"/>
        <line num="1" count="1" type="stmt"/>
        <line num="2" count="1" type="stmt"/>
        <line num="4" count="1" type="stmt"/>
        <line num="9" count="1" type="stmt"/>
      </file>
      <file name="store.js" path="C:\Users\Jack.Murphy\Desktop\Grapefruit\calypso\src\store.js">
        <metrics statements="10" coveredstatements="8" conditionals="4" coveredconditionals="2" methods="5" coveredmethods="4"/>
        <line num="11" count="1" type="cond" truecount="1" falsecount="2"/>
        <line num="13" count="0" type="stmt"/>
        <line num="20" count="0" type="stmt"/>
        <line num="25" count="1" type="stmt"/>
        <line num="29" count="1" type="stmt"/>
        <line num="39" count="2" type="stmt"/>
        <line num="40" count="16" type="stmt"/>
        <line num="43" count="16" type="stmt"/>
        <line num="46" count="1" type="stmt"/>
        <line num="51" count="1" type="stmt"/>
      </file>
    </package>
    <package name="src.constants">
      <metrics statements="1" coveredstatements="1" conditionals="0" coveredconditionals="0" methods="0" coveredmethods="0"/>
      <file name="selected.js" path="C:\Users\Jack.Murphy\Desktop\Grapefruit\calypso\src\constants\selected.js">
        <metrics statements="1" coveredstatements="1" conditionals="0" coveredconditionals="0" methods="0" coveredmethods="0"/>
        <line num="1" count="1" type="stmt"/>
      </file>
    </package>
  </project>
</coverage>
