{"C:\\Users\\Jack.Murphy\\Desktop\\Grapefruit\\calypso\\src\\actions.js": {"path":"C:\\Users\\Jack.Murphy\\Desktop\\Grapefruit\\calypso\\src\\actions.js","statementMap":{"0":{"start":{"line":1,"column":26},"end":{"line":1,"column":38}},"1":{"start":{"line":2,"column":36},"end":{"line":2,"column":58}},"2":{"start":{"line":4,"column":32},"end":{"line":7,"column":2}},"3":{"start":{"line":4,"column":56},"end":{"line":7,"column":1}},"4":{"start":{"line":9,"column":25},"end":{"line":12,"column":1}}},"fnMap":{"0":{"name":"(anonymous_0)","decl":{"start":{"line":4,"column":32},"end":{"line":4,"column":33}},"loc":{"start":{"line":4,"column":56},"end":{"line":7,"column":1}},"line":4}},"branchMap":{},"s":{"0":1,"1":1,"2":1,"3":0,"4":1},"f":{"0":0},"b":{},"_coverageSchema":"43e27e138ebf9cfc5966b082cf9a028302ed4184","hash":"87fb77bf92e8cc18d6dad6336626721d713ca67b"}
,"C:\\Users\\Jack.Murphy\\Desktop\\Grapefruit\\calypso\\src\\store.js": {"path":"C:\\Users\\Jack.Murphy\\Desktop\\Grapefruit\\calypso\\src\\store.js","statementMap":{"0":{"start":{"line":11,"column":2},"end":{"line":26,"column":3}},"1":{"start":{"line":13,"column":6},"end":{"line":18,"column":8}},"2":{"start":{"line":20,"column":6},"end":{"line":23,"column":8}},"3":{"start":{"line":25,"column":6},"end":{"line":25,"column":19}},"4":{"start":{"line":29,"column":28},"end":{"line":36,"column":1}},"5":{"start":{"line":39,"column":2},"end":{"line":43,"column":51}},"6":{"start":{"line":40,"column":15},"end":{"line":42,"column":5}},"7":{"start":{"line":43,"column":24},"end":{"line":43,"column":45}},"8":{"start":{"line":46,"column":17},"end":{"line":46,"column":56}},"9":{"start":{"line":46,"column":23},"end":{"line":46,"column":56}},"10":{"start":{"line":51,"column":4},"end":{"line":51,"column":29}}},"fnMap":{"0":{"name":"reducer","decl":{"start":{"line":10,"column":16},"end":{"line":10,"column":23}},"loc":{"start":{"line":10,"column":63},"end":{"line":27,"column":1}},"line":10},"1":{"name":"setData","decl":{"start":{"line":38,"column":9},"end":{"line":38,"column":16}},"loc":{"start":{"line":38,"column":30},"end":{"line":44,"column":1}},"line":38},"2":{"name":"(anonymous_2)","decl":{"start":{"line":40,"column":9},"end":{"line":40,"column":10}},"loc":{"start":{"line":40,"column":15},"end":{"line":42,"column":5}},"line":40},"3":{"name":"(anonymous_3)","decl":{"start":{"line":43,"column":12},"end":{"line":43,"column":13}},"loc":{"start":{"line":43,"column":24},"end":{"line":43,"column":45}},"line":43},"4":{"name":"(anonymous_4)","decl":{"start":{"line":46,"column":17},"end":{"line":46,"column":18}},"loc":{"start":{"line":46,"column":23},"end":{"line":46,"column":56}},"line":46}},"branchMap":{"0":{"loc":{"start":{"line":10,"column":24},"end":{"line":10,"column":42}},"type":"default-arg","locations":[{"start":{"line":10,"column":30},"end":{"line":10,"column":42}}],"line":10},"1":{"loc":{"start":{"line":11,"column":2},"end":{"line":26,"column":3}},"type":"switch","locations":[{"start":{"line":12,"column":4},"end":{"line":18,"column":8}},{"start":{"line":19,"column":4},"end":{"line":23,"column":8}},{"start":{"line":24,"column":4},"end":{"line":25,"column":19}}],"line":11}},"s":{"0":1,"1":0,"2":0,"3":1,"4":1,"5":2,"6":16,"7":16,"8":1,"9":0,"10":1},"f":{"0":1,"1":2,"2":16,"3":16,"4":0},"b":{"0":[1],"1":[0,0,1]},"_coverageSchema":"43e27e138ebf9cfc5966b082cf9a028302ed4184","hash":"4cec1c71f9530eec1e87dd88f8f9b368c657c7df"}
,"C:\\Users\\Jack.Murphy\\Desktop\\Grapefruit\\calypso\\src\\constants\\selected.js": {"path":"C:\\Users\\Jack.Murphy\\Desktop\\Grapefruit\\calypso\\src\\constants\\selected.js","statementMap":{"0":{"start":{"line":1,"column":30},"end":{"line":10,"column":1}}},"fnMap":{},"branchMap":{},"s":{"0":1},"f":{},"b":{},"_coverageSchema":"43e27e138ebf9cfc5966b082cf9a028302ed4184","hash":"3d8690cb4896b22836810b78c124adbe95d35f42"}
}
