TN:
SF:C:\Users\Jack.Murphy\Desktop\Grapefruit\calypso\src\actions.js
FN:4,(anonymous_0)
FNF:1
FNH:0
FNDA:0,(anonymous_0)
DA:1,1
DA:2,1
DA:4,1
DA:9,1
LF:4
LH:4
BRF:0
BRH:0
end_of_record
TN:
SF:C:\Users\Jack.Murphy\Desktop\Grapefruit\calypso\src\store.js
FN:10,reducer
FN:38,setData
FN:40,(anonymous_2)
FN:43,(anonymous_3)
FN:46,(anonymous_4)
FNF:5
FNH:4
FNDA:1,reducer
FNDA:2,setData
FNDA:16,(anonymous_2)
FNDA:16,(anonymous_3)
FNDA:0,(anonymous_4)
DA:11,1
DA:13,0
DA:20,0
DA:25,1
DA:29,1
DA:39,2
DA:40,16
DA:43,16
DA:46,1
DA:51,1
LF:10
LH:8
BRDA:10,0,0,1
BRDA:11,1,0,0
BRDA:11,1,1,0
BRDA:11,1,2,1
BRF:4
BRH:2
end_of_record
TN:
SF:C:\Users\Jack.Murphy\Desktop\Grapefruit\calypso\src\constants\selected.js
FNF:0
FNH:0
DA:1,1
LF:1
LH:1
BRF:0
BRH:0
end_of_record
